[21:02:46] [Client thread/INFO]: Setting user: Player293
[21:02:48] [Client thread/INFO]: LWJGL Version: 2.9.1
[21:02:50] [Client thread/INFO]: Reloading ResourceManager: Default, FMLFileResourcePack:Forge Mod Loader, FMLFileResourcePack:Minecraft Forge
[21:02:50] [Sound Library Loader/INFO]: Starting up SoundSystem...
[21:02:50] [Thread-9/INFO]: Initializing LWJGL OpenAL
[21:02:50] [Thread-9/INFO]: (The LWJGL binding of OpenAL.  For more information, see http://www.lwjgl.org)
[21:02:50] [Thread-9/INFO]: OpenAL initialized.
[21:02:51] [Sound Library Loader/INFO]: Sound engine started
[21:02:52] [Client thread/INFO]: Created: 512x512 textures-atlas
[21:02:53] [Client thread/INFO]: Reloading ResourceManager: Default, FMLFileResourcePack:Forge Mod Loader, FMLFileResourcePack:Minecraft Forge
[21:02:53] [Client thread/INFO]: SoundSystem shutting down...
[21:02:53] [Client thread/WARN]: Author: Paul Lamb, www.paulscode.com
[21:02:53] [Sound Library Loader/INFO]: Starting up SoundSystem...
[21:02:54] [Thread-11/INFO]: Initializing LWJGL OpenAL
[21:02:54] [Thread-11/INFO]: (The LWJGL binding of OpenAL.  For more information, see http://www.lwjgl.org)
[21:02:54] [Thread-11/INFO]: OpenAL initialized.
[21:02:54] [Sound Library Loader/INFO]: Sound engine started
[21:02:55] [Client thread/INFO]: Created: 512x512 textures-atlas
[21:02:57] [Client thread/INFO]: Stopping!
[21:02:57] [Client thread/INFO]: SoundSystem shutting down...
[21:02:57] [Client thread/WARN]: Author: Paul Lamb, www.paulscode.com
