[19:44:08] [main/INFO] [LaunchWrapper]: Loading tweak class name net.minecraft.launchwrapper.VanillaTweaker
[19:44:08] [main/INFO] [LaunchWrapper]: Using primary tweak class name net.minecraft.launchwrapper.VanillaTweaker
[19:44:08] [main/INFO] [LaunchWrapper]: Calling tweak class net.minecraft.launchwrapper.VanillaTweaker
[19:44:08] [main/ERROR] [LaunchWrapper]: Unable to launch
java.lang.NoSuchMethodException: net.minecraft.client.Minecraft.main([Ljava.lang.String;)
	at java.lang.Class.getMethod(Unknown Source) ~[?:1.8.0_60]
	at net.minecraft.launchwrapper.Launch.launch(Launch.java:132) [launchwrapper-1.11.jar:?]
	at net.minecraft.launchwrapper.Launch.main(Launch.java:28) [launchwrapper-1.11.jar:?]
[19:47:29] [main/INFO] [LaunchWrapper]: Loading tweak class name net.minecraft.launchwrapper.VanillaTweaker
[19:47:29] [main/INFO] [LaunchWrapper]: Using primary tweak class name net.minecraft.launchwrapper.VanillaTweaker
[19:47:29] [main/INFO] [LaunchWrapper]: Calling tweak class net.minecraft.launchwrapper.VanillaTweaker
[19:47:29] [main/ERROR] [LaunchWrapper]: Unable to launch
java.lang.NoSuchMethodException: net.minecraft.client.Minecraft.main([Ljava.lang.String;)
	at java.lang.Class.getMethod(Unknown Source) ~[?:1.8.0_60]
	at net.minecraft.launchwrapper.Launch.launch(Launch.java:132) [launchwrapper-1.11.jar:?]
	at net.minecraft.launchwrapper.Launch.main(Launch.java:28) [launchwrapper-1.11.jar:?]
[19:53:02] [main/INFO] [LaunchWrapper]: Loading tweak class name net.minecraft.launchwrapper.VanillaTweaker
[19:53:02] [main/INFO] [LaunchWrapper]: Using primary tweak class name net.minecraft.launchwrapper.VanillaTweaker
[19:53:02] [main/INFO] [LaunchWrapper]: Calling tweak class net.minecraft.launchwrapper.VanillaTweaker
[19:53:02] [main/ERROR] [LaunchWrapper]: Unable to launch
java.lang.NoSuchMethodException: net.minecraft.client.Minecraft.main([Ljava.lang.String;)
	at java.lang.Class.getMethod(Unknown Source) ~[?:1.8.0_60]
	at net.minecraft.launchwrapper.Launch.launch(Launch.java:132) [launchwrapper-1.11.jar:?]
	at net.minecraft.launchwrapper.Launch.main(Launch.java:28) [launchwrapper-1.11.jar:?]
[19:55:59] [main/INFO] [LaunchWrapper]: Loading tweak class name net.minecraft.launchwrapper.VanillaTweaker
[19:55:59] [main/INFO] [LaunchWrapper]: Using primary tweak class name net.minecraft.launchwrapper.VanillaTweaker
[19:55:59] [main/INFO] [LaunchWrapper]: Calling tweak class net.minecraft.launchwrapper.VanillaTweaker
[19:55:59] [main/ERROR] [LaunchWrapper]: Unable to launch
java.lang.NoSuchMethodException: net.minecraft.client.Minecraft.main([Ljava.lang.String;)
	at java.lang.Class.getMethod(Unknown Source) ~[?:1.8.0_60]
	at net.minecraft.launchwrapper.Launch.launch(Launch.java:132) [launchwrapper-1.11.jar:?]
	at net.minecraft.launchwrapper.Launch.main(Launch.java:28) [launchwrapper-1.11.jar:?]
[20:01:57] [main/INFO] [LaunchWrapper]: Loading tweak class name net.minecraft.launchwrapper.VanillaTweaker
[20:01:57] [main/INFO] [LaunchWrapper]: Using primary tweak class name net.minecraft.launchwrapper.VanillaTweaker
[20:01:57] [main/INFO] [LaunchWrapper]: Calling tweak class net.minecraft.launchwrapper.VanillaTweaker
[20:01:57] [main/ERROR] [LaunchWrapper]: Unable to launch
java.lang.NoSuchMethodException: net.minecraft.client.Minecraft.main([Ljava.lang.String;)
	at java.lang.Class.getMethod(Unknown Source) ~[?:1.8.0_60]
	at net.minecraft.launchwrapper.Launch.launch(Launch.java:132) [launchwrapper-1.11.jar:?]
	at net.minecraft.launchwrapper.Launch.main(Launch.java:28) [launchwrapper-1.11.jar:?]
[20:05:07] [main/INFO] [LaunchWrapper]: Loading tweak class name net.minecraft.launchwrapper.VanillaTweaker
[20:05:07] [main/INFO] [LaunchWrapper]: Using primary tweak class name net.minecraft.launchwrapper.VanillaTweaker
[20:05:07] [main/INFO] [LaunchWrapper]: Calling tweak class net.minecraft.launchwrapper.VanillaTweaker
[20:05:07] [main/ERROR] [LaunchWrapper]: Unable to launch
java.lang.NoSuchMethodException: net.minecraft.client.Minecraft.main([Ljava.lang.String;)
	at java.lang.Class.getMethod(Unknown Source) ~[?:1.8.0_60]
	at net.minecraft.launchwrapper.Launch.launch(Launch.java:132) [launchwrapper-1.11.jar:?]
	at net.minecraft.launchwrapper.Launch.main(Launch.java:28) [launchwrapper-1.11.jar:?]
[20:12:03] [main/INFO] [LaunchWrapper]: Loading tweak class name net.minecraft.launchwrapper.VanillaTweaker
[20:12:03] [main/INFO] [LaunchWrapper]: Using primary tweak class name net.minecraft.launchwrapper.VanillaTweaker
[20:12:03] [main/INFO] [LaunchWrapper]: Calling tweak class net.minecraft.launchwrapper.VanillaTweaker
[20:12:03] [main/ERROR] [LaunchWrapper]: Unable to launch
java.lang.NoSuchMethodException: net.minecraft.client.Minecraft.main([Ljava.lang.String;)
	at java.lang.Class.getMethod(Unknown Source) ~[?:1.8.0_60]
	at net.minecraft.launchwrapper.Launch.launch(Launch.java:132) [launchwrapper-1.11.jar:?]
	at net.minecraft.launchwrapper.Launch.main(Launch.java:28) [launchwrapper-1.11.jar:?]
[20:43:14] [main/INFO] [LaunchWrapper]: Loading tweak class name net.minecraft.launchwrapper.VanillaTweaker
[20:43:14] [main/INFO] [LaunchWrapper]: Using primary tweak class name net.minecraft.launchwrapper.VanillaTweaker
[20:43:14] [main/INFO] [LaunchWrapper]: Calling tweak class net.minecraft.launchwrapper.VanillaTweaker
[20:43:14] [main/ERROR] [LaunchWrapper]: Unable to launch
java.lang.NoSuchMethodException: net.minecraft.client.Minecraft.main([Ljava.lang.String;)
	at java.lang.Class.getMethod(Unknown Source) ~[?:1.8.0_60]
	at net.minecraft.launchwrapper.Launch.launch(Launch.java:132) [launchwrapper-1.11.jar:?]
	at net.minecraft.launchwrapper.Launch.main(Launch.java:28) [launchwrapper-1.11.jar:?]
